8 6
1 2 1
1 3 5
2 3 3
4 5 2
6 7 3
7 8 9
Componentele conexe 
1 :  2 3 1 
2 :  5 4 
3 :  8 7 6 
Muchii APM :
1 2 1
2 3 3
Nu exista drum intre 8 si 3
Matricea ponderilor : 
0 1 4 999999 999999 999999 999999 999999 
1 0 3 999999 999999 999999 999999 999999 
4 3 0 999999 999999 999999 999999 999999 
999999 999999 999999 0 2 999999 999999 999999 
999999 999999 999999 2 0 999999 999999 999999 
999999 999999 999999 999999 999999 0 3 12 
999999 999999 999999 999999 999999 3 0 9 
999999 999999 999999 999999 999999 12 9 0 
Graful nu este conex
8 3
2 3 3
1 3 3
7 8 1
8 4
1 3 3
2 3 4
1 4 5
7 8 1
Componentele conexe 
1 :  2 3 4 1 
2 :  5 
3 :  6 
4 :  8 7 
Muchii APM :
1 3 3
2 3 4
1 4 5
Nu exista drum intre 8 si 3
Matricea ponderilor : 
0 7 3 5 999999 999999 999999 999999 
7 0 4 12 999999 999999 999999 999999 
3 4 0 8 999999 999999 999999 999999 
5 12 8 0 999999 999999 999999 999999 
999999 999999 999999 999999 0 999999 999999 999999 
999999 999999 999999 999999 999999 0 999999 999999 
999999 999999 999999 999999 999999 999999 0 1 
999999 999999 999999 999999 999999 999999 1 0 
Graful nu este conex
